{"/home/hamzah/data-structure-Stact-and-Queue/Node.js": {"path":"/home/hamzah/data-structure-Stact-and-Queue/Node.js","statementMap":{"0":{"start":{"line":6,"column":8},"end":{"line":6,"column":27}},"1":{"start":{"line":7,"column":8},"end":{"line":7,"column":25}},"2":{"start":{"line":12,"column":2},"end":{"line":12,"column":22}}},"fnMap":{"0":{"name":"(anonymous_0)","decl":{"start":{"line":5,"column":4},"end":{"line":5,"column":5}},"loc":{"start":{"line":5,"column":33},"end":{"line":8,"column":5}},"line":5}},"branchMap":{"0":{"loc":{"start":{"line":5,"column":23},"end":{"line":5,"column":32}},"type":"default-arg","locations":[{"start":{"line":5,"column":28},"end":{"line":5,"column":32}}],"line":5}},"s":{"0":21,"1":21,"2":3},"f":{"0":21},"b":{"0":[21]},"_coverageSchema":"1a1c01bbd47fc00a2c39e90264f33305004495a9","hash":"11a5ea9ba2e874cf57fbc2daae400a594b4b0972"}
,"/home/hamzah/data-structure-Stact-and-Queue/Queue.js": {"path":"/home/hamzah/data-structure-Stact-and-Queue/Queue.js","statementMap":{"0":{"start":{"line":3,"column":11},"end":{"line":3,"column":28}},"1":{"start":{"line":8,"column":6},"end":{"line":8,"column":22}},"2":{"start":{"line":9,"column":6},"end":{"line":9,"column":21}},"3":{"start":{"line":10,"column":6},"end":{"line":10,"column":21}},"4":{"start":{"line":11,"column":6},"end":{"line":11,"column":23}},"5":{"start":{"line":12,"column":6},"end":{"line":12,"column":20}},"6":{"start":{"line":15,"column":6},"end":{"line":15,"column":30}},"7":{"start":{"line":18,"column":6},"end":{"line":27,"column":7}},"8":{"start":{"line":19,"column":20},"end":{"line":19,"column":34}},"9":{"start":{"line":20,"column":8},"end":{"line":20,"column":37}},"10":{"start":{"line":23,"column":20},"end":{"line":23,"column":34}},"11":{"start":{"line":24,"column":8},"end":{"line":24,"column":31}},"12":{"start":{"line":25,"column":8},"end":{"line":25,"column":25}},"13":{"start":{"line":26,"column":8},"end":{"line":26,"column":22}},"14":{"start":{"line":30,"column":6},"end":{"line":40,"column":7}},"15":{"start":{"line":31,"column":8},"end":{"line":31,"column":42}},"16":{"start":{"line":34,"column":5},"end":{"line":34,"column":26}},"17":{"start":{"line":35,"column":5},"end":{"line":35,"column":28}},"18":{"start":{"line":36,"column":5},"end":{"line":36,"column":32}},"19":{"start":{"line":37,"column":5},"end":{"line":37,"column":20}},"20":{"start":{"line":38,"column":5},"end":{"line":38,"column":19}},"21":{"start":{"line":39,"column":5},"end":{"line":39,"column":30}},"22":{"start":{"line":43,"column":8},"end":{"line":48,"column":9}},"23":{"start":{"line":44,"column":9},"end":{"line":44,"column":43}},"24":{"start":{"line":47,"column":6},"end":{"line":47,"column":30}},"25":{"start":{"line":51,"column":8},"end":{"line":51,"column":22}},"26":{"start":{"line":52,"column":6},"end":{"line":52,"column":32}},"27":{"start":{"line":56,"column":2},"end":{"line":56,"column":23}}},"fnMap":{"0":{"name":"(anonymous_0)","decl":{"start":{"line":7,"column":4},"end":{"line":7,"column":5}},"loc":{"start":{"line":7,"column":17},"end":{"line":13,"column":5}},"line":7},"1":{"name":"(anonymous_1)","decl":{"start":{"line":14,"column":4},"end":{"line":14,"column":5}},"loc":{"start":{"line":14,"column":13},"end":{"line":16,"column":5}},"line":14},"2":{"name":"(anonymous_2)","decl":{"start":{"line":17,"column":4},"end":{"line":17,"column":5}},"loc":{"start":{"line":17,"column":17},"end":{"line":28,"column":5}},"line":17},"3":{"name":"(anonymous_3)","decl":{"start":{"line":29,"column":4},"end":{"line":29,"column":5}},"loc":{"start":{"line":29,"column":13},"end":{"line":41,"column":5}},"line":29},"4":{"name":"(anonymous_4)","decl":{"start":{"line":42,"column":4},"end":{"line":42,"column":5}},"loc":{"start":{"line":42,"column":10},"end":{"line":49,"column":5}},"line":42},"5":{"name":"(anonymous_5)","decl":{"start":{"line":50,"column":4},"end":{"line":50,"column":5}},"loc":{"start":{"line":50,"column":21},"end":{"line":53,"column":5}},"line":50}},"branchMap":{"0":{"loc":{"start":{"line":18,"column":6},"end":{"line":27,"column":7}},"type":"if","locations":[{"start":{"line":18,"column":6},"end":{"line":27,"column":7}},{"start":{"line":22,"column":10},"end":{"line":27,"column":7}}],"line":18},"1":{"loc":{"start":{"line":30,"column":6},"end":{"line":40,"column":7}},"type":"if","locations":[{"start":{"line":30,"column":6},"end":{"line":40,"column":7}},{"start":{"line":33,"column":10},"end":{"line":40,"column":7}}],"line":30},"2":{"loc":{"start":{"line":43,"column":8},"end":{"line":48,"column":9}},"type":"if","locations":[{"start":{"line":43,"column":8},"end":{"line":48,"column":9}},{"start":{"line":46,"column":12},"end":{"line":48,"column":9}}],"line":43}},"s":{"0":1,"1":4,"2":4,"3":4,"4":4,"5":4,"6":13,"7":9,"8":3,"9":3,"10":6,"11":6,"12":6,"13":6,"14":1,"15":0,"16":1,"17":1,"18":1,"19":1,"20":1,"21":1,"22":1,"23":0,"24":1,"25":1,"26":1,"27":1},"f":{"0":4,"1":13,"2":9,"3":1,"4":1,"5":1},"b":{"0":[3,6],"1":[0,1],"2":[0,1]},"_coverageSchema":"1a1c01bbd47fc00a2c39e90264f33305004495a9","hash":"2d931258af7d6abfa029f012a1e2e3648e86947b"}
,"/home/hamzah/data-structure-Stact-and-Queue/Stack.js": {"path":"/home/hamzah/data-structure-Stact-and-Queue/Stack.js","statementMap":{"0":{"start":{"line":3,"column":11},"end":{"line":3,"column":28}},"1":{"start":{"line":7,"column":6},"end":{"line":7,"column":20}},"2":{"start":{"line":8,"column":6},"end":{"line":8,"column":21}},"3":{"start":{"line":9,"column":6},"end":{"line":9,"column":23}},"4":{"start":{"line":10,"column":6},"end":{"line":10,"column":20}},"5":{"start":{"line":14,"column":15},"end":{"line":14,"column":32}},"6":{"start":{"line":15,"column":6},"end":{"line":15,"column":25}},"7":{"start":{"line":16,"column":6},"end":{"line":16,"column":20}},"8":{"start":{"line":17,"column":6},"end":{"line":17,"column":20}},"9":{"start":{"line":20,"column":6},"end":{"line":30,"column":7}},"10":{"start":{"line":21,"column":8},"end":{"line":21,"column":38}},"11":{"start":{"line":24,"column":8},"end":{"line":24,"column":27}},"12":{"start":{"line":25,"column":8},"end":{"line":25,"column":29}},"13":{"start":{"line":26,"column":8},"end":{"line":26,"column":31}},"14":{"start":{"line":27,"column":8},"end":{"line":27,"column":38}},"15":{"start":{"line":28,"column":8},"end":{"line":28,"column":22}},"16":{"start":{"line":29,"column":8},"end":{"line":29,"column":33}},"17":{"start":{"line":34,"column":6},"end":{"line":34,"column":28}},"18":{"start":{"line":37,"column":6},"end":{"line":42,"column":7}},"19":{"start":{"line":38,"column":8},"end":{"line":38,"column":38}},"20":{"start":{"line":41,"column":9},"end":{"line":41,"column":31}},"21":{"start":{"line":46,"column":2},"end":{"line":46,"column":23}}},"fnMap":{"0":{"name":"(anonymous_0)","decl":{"start":{"line":6,"column":4},"end":{"line":6,"column":5}},"loc":{"start":{"line":6,"column":17},"end":{"line":11,"column":5}},"line":6},"1":{"name":"(anonymous_1)","decl":{"start":{"line":12,"column":4},"end":{"line":12,"column":5}},"loc":{"start":{"line":12,"column":17},"end":{"line":18,"column":5}},"line":12},"2":{"name":"(anonymous_2)","decl":{"start":{"line":19,"column":4},"end":{"line":19,"column":5}},"loc":{"start":{"line":19,"column":9},"end":{"line":32,"column":5}},"line":19},"3":{"name":"(anonymous_3)","decl":{"start":{"line":33,"column":4},"end":{"line":33,"column":5}},"loc":{"start":{"line":33,"column":13},"end":{"line":35,"column":5}},"line":33},"4":{"name":"(anonymous_4)","decl":{"start":{"line":36,"column":4},"end":{"line":36,"column":5}},"loc":{"start":{"line":36,"column":10},"end":{"line":43,"column":5}},"line":36}},"branchMap":{"0":{"loc":{"start":{"line":20,"column":6},"end":{"line":30,"column":7}},"type":"if","locations":[{"start":{"line":20,"column":6},"end":{"line":30,"column":7}},{"start":{"line":23,"column":10},"end":{"line":30,"column":7}}],"line":20},"1":{"loc":{"start":{"line":37,"column":6},"end":{"line":42,"column":7}},"type":"if","locations":[{"start":{"line":37,"column":6},"end":{"line":42,"column":7}},{"start":{"line":40,"column":10},"end":{"line":42,"column":7}}],"line":37}},"s":{"0":1,"1":5,"2":5,"3":5,"4":5,"5":11,"6":11,"7":11,"8":11,"9":2,"10":0,"11":2,"12":2,"13":2,"14":2,"15":2,"16":2,"17":4,"18":1,"19":0,"20":1,"21":1},"f":{"0":5,"1":11,"2":2,"3":4,"4":1},"b":{"0":[0,2],"1":[0,1]},"_coverageSchema":"1a1c01bbd47fc00a2c39e90264f33305004495a9","hash":"b4c4f6b44c48f143bbbaead433922e38e84dafeb"}
}
