TN:
SF:Node.js
FN:5,(anonymous_0)
FNF:1
FNH:1
FNDA:21,(anonymous_0)
DA:6,21
DA:7,21
DA:12,3
LF:3
LH:3
BRDA:5,0,0,21
BRF:1
BRH:1
end_of_record
TN:
SF:Queue.js
FN:7,(anonymous_0)
FN:14,(anonymous_1)
FN:17,(anonymous_2)
FN:29,(anonymous_3)
FN:42,(anonymous_4)
FN:50,(anonymous_5)
FNF:6
FNH:6
FNDA:4,(anonymous_0)
FNDA:13,(anonymous_1)
FNDA:9,(anonymous_2)
FNDA:1,(anonymous_3)
FNDA:1,(anonymous_4)
FNDA:1,(anonymous_5)
DA:3,1
DA:8,4
DA:9,4
DA:10,4
DA:11,4
DA:12,4
DA:15,13
DA:18,9
DA:19,3
DA:20,3
DA:23,6
DA:24,6
DA:25,6
DA:26,6
DA:30,1
DA:31,0
DA:34,1
DA:35,1
DA:36,1
DA:37,1
DA:38,1
DA:39,1
DA:43,1
DA:44,0
DA:47,1
DA:51,1
DA:52,1
DA:56,1
LF:28
LH:26
BRDA:18,0,0,3
BRDA:18,0,1,6
BRDA:30,1,0,0
BRDA:30,1,1,1
BRDA:43,2,0,0
BRDA:43,2,1,1
BRF:6
BRH:4
end_of_record
TN:
SF:Stack.js
FN:6,(anonymous_0)
FN:12,(anonymous_1)
FN:19,(anonymous_2)
FN:33,(anonymous_3)
FN:36,(anonymous_4)
FNF:5
FNH:5
FNDA:5,(anonymous_0)
FNDA:11,(anonymous_1)
FNDA:2,(anonymous_2)
FNDA:4,(anonymous_3)
FNDA:1,(anonymous_4)
DA:3,1
DA:7,5
DA:8,5
DA:9,5
DA:10,5
DA:14,11
DA:15,11
DA:16,11
DA:17,11
DA:20,2
DA:21,0
DA:24,2
DA:25,2
DA:26,2
DA:27,2
DA:28,2
DA:29,2
DA:34,4
DA:37,1
DA:38,0
DA:41,1
DA:46,1
LF:22
LH:20
BRDA:20,0,0,0
BRDA:20,0,1,2
BRDA:37,1,0,0
BRDA:37,1,1,1
BRF:4
BRH:2
end_of_record
